Crashlog created at 2019-07-15 17:47:59 +0200

===== MESSAGE:

[1m[31mURI::InvalidURIError: bad URI(is not URI?): https://750523ed23200f0142a56dab9cc60bd4a188706237ef7d52a8a75c5dcf022f7b:strimzi-kafka-bridge-admin.3scale.net/[0m

===== BACKTRACE:

/opt/3scale-toolbox/embedded/lib/ruby/2.5.0/uri/rfc3986_parser.rb:67:in `split'
/opt/3scale-toolbox/embedded/lib/ruby/2.5.0/uri/rfc3986_parser.rb:73:in `parse'
/opt/3scale-toolbox/embedded/lib/ruby/2.5.0/uri/common.rb:237:in `parse'
/opt/3scale-toolbox/embedded/lib/ruby/2.5.0/uri/common.rb:743:in `URI'
/opt/3scale-toolbox/embedded/lib/ruby/gems/2.5.0/gems/3scale_toolbox-0.11.0/lib/3scale_toolbox/helper.rb:28:in `parse_uri'
/opt/3scale-toolbox/embedded/lib/ruby/gems/2.5.0/gems/3scale_toolbox-0.11.0/lib/3scale_toolbox/commands/remote_command/remote_add.rb:33:in `validate_remote'
/opt/3scale-toolbox/embedded/lib/ruby/gems/2.5.0/gems/3scale_toolbox-0.11.0/lib/3scale_toolbox/commands/remote_command/remote_add.rb:41:in `add_remote'
/opt/3scale-toolbox/embedded/lib/ruby/gems/2.5.0/gems/3scale_toolbox-0.11.0/lib/3scale_toolbox/commands/remote_command/remote_add.rb:21:in `run'
/opt/3scale-toolbox/embedded/lib/ruby/gems/2.5.0/gems/cri-2.15.9/lib/cri/command_runner.rb:34:in `call'
/opt/3scale-toolbox/embedded/lib/ruby/gems/2.5.0/gems/cri-2.15.9/lib/cri/command_dsl.rb:303:in `block in runner'
/opt/3scale-toolbox/embedded/lib/ruby/gems/2.5.0/gems/cri-2.15.9/lib/cri/command.rb:360:in `run_this'
/opt/3scale-toolbox/embedded/lib/ruby/gems/2.5.0/gems/cri-2.15.9/lib/cri/command.rb:296:in `run'
/opt/3scale-toolbox/embedded/lib/ruby/gems/2.5.0/gems/cri-2.15.9/lib/cri/command.rb:314:in `run'
/opt/3scale-toolbox/embedded/lib/ruby/gems/2.5.0/gems/cri-2.15.9/lib/cri/command.rb:314:in `run'
/opt/3scale-toolbox/embedded/lib/ruby/gems/2.5.0/gems/3scale_toolbox-0.11.0/lib/3scale_toolbox/cli.rb:43:in `block in run'
/opt/3scale-toolbox/embedded/lib/ruby/gems/2.5.0/gems/3scale_toolbox-0.11.0/lib/3scale_toolbox/cli/error_handler.rb:5:in `block in error_watchdog'
/opt/3scale-toolbox/embedded/lib/ruby/gems/2.5.0/gems/3scale_toolbox-0.11.0/lib/3scale_toolbox/cli/error_handler.rb:11:in `error_watchdog'
/opt/3scale-toolbox/embedded/lib/ruby/gems/2.5.0/gems/3scale_toolbox-0.11.0/lib/3scale_toolbox/cli/error_handler.rb:5:in `error_watchdog'
/opt/3scale-toolbox/embedded/lib/ruby/gems/2.5.0/gems/3scale_toolbox-0.11.0/lib/3scale_toolbox/cli.rb:40:in `run'
/opt/3scale-toolbox/embedded/lib/ruby/gems/2.5.0/gems/3scale_toolbox-0.11.0/exe/3scale:15:in `<top (required)>'
/opt/3scale-toolbox/bin/3scale:23:in `load'
/opt/3scale-toolbox/bin/3scale:23:in `<main>'

===== VERSION INFORMATION:

0.11.0

===== SYSTEM INFORMATION:

{"sysname":"Linux","nodename":"new-host-2","release":"5.1.16-200.fc29.x86_64","version":"#1 SMP Wed Jul 3 16:03:17 UTC 2019","machine":"x86_64"}

===== INSTALLED GEMS:

  3scale-api 0.5.0
  3scale_toolbox 0.11.0
  addressable 2.6.0
  bigdecimal 1.3.4
  cmath 1.0.0
  cri 2.15.9
  csv 1.0.0
  date 1.0.0
  did_you_mean 1.2.0
  etc 1.0.0
  fcntl 1.0.0
  fiddle 1.0.0
  fileutils 1.0.2
  io-console 0.4.6
  ipaddr 1.2.0
  json 2.1.0
  json-schema 2.8.1
  minitest 5.10.3
  net-telnet 0.1.1
  openssl 2.1.2
  power_assert 1.1.1
  psych 3.0.2
  public_suffix 3.1.0
  rake 12.3.0
  rdoc 6.0.1
  scanf 1.0.0
  sdbm 1.0.0
  stringio 0.0.1
  strscan 1.0.0
  test-unit 3.2.7
  webrick 1.4.2
  xmlrpc 0.3.0
  zlib 1.0.0

===== LOAD PATHS:

  0. /opt/3scale-toolbox/embedded/lib/ruby/gems/2.5.0/gems/did_you_mean-1.2.0/lib
  1. /opt/3scale-toolbox/embedded/lib/ruby/gems/2.5.0/gems/3scale-api-0.5.0/lib
  2. /opt/3scale-toolbox/embedded/lib/ruby/gems/2.5.0/gems/cri-2.15.9/lib
  3. /opt/3scale-toolbox/embedded/lib/ruby/gems/2.5.0/gems/public_suffix-3.1.0/lib
  4. /opt/3scale-toolbox/embedded/lib/ruby/gems/2.5.0/gems/addressable-2.6.0/lib
  5. /opt/3scale-toolbox/embedded/lib/ruby/gems/2.5.0/gems/json-schema-2.8.1/lib
  6. /opt/3scale-toolbox/embedded/lib/ruby/gems/2.5.0/gems/3scale_toolbox-0.11.0/lib
  7. /opt/3scale-toolbox/embedded/lib/ruby/site_ruby/2.5.0
  8. /opt/3scale-toolbox/embedded/lib/ruby/site_ruby/2.5.0/x86_64-linux
  9. /opt/3scale-toolbox/embedded/lib/ruby/site_ruby
  10. /opt/3scale-toolbox/embedded/lib/ruby/vendor_ruby/2.5.0
  11. /opt/3scale-toolbox/embedded/lib/ruby/vendor_ruby/2.5.0/x86_64-linux
  12. /opt/3scale-toolbox/embedded/lib/ruby/vendor_ruby
  13. /opt/3scale-toolbox/embedded/lib/ruby/2.5.0
  14. /opt/3scale-toolbox/embedded/lib/ruby/2.5.0/x86_64-linux
